#
# There is insufficient memory for the Java Runtime Environment to continue.
# Native memory allocation (malloc) failed to allocate 597088 bytes for Chunk::new
# Possible reasons:
#   The system is out of physical RAM or swap space
#   The process is running with CompressedOops enabled, and the Java Heap may be blocking the growth of the native heap
# Possible solutions:
#   Reduce memory load on the system
#   Increase physical memory or swap space
#   Check if swap backing store is full
#   Decrease Java heap size (-Xmx/-Xms)
#   Decrease number of Java threads
#   Decrease Java thread stack sizes (-Xss)
#   Set larger code cache with -XX:ReservedCodeCacheSize=
#   JVM is running with Unscaled Compressed Oops mode in which the Java heap is
#     placed in the first 4GB address space. The Java Heap base address is the
#     maximum limit for the native heap growth. Please use -XX:HeapBaseMinAddress
#     to set the Java Heap base and to place the Java Heap above 4GB virtual address.
# This output file may be truncated or incomplete.
#
#  Out of Memory Error (./open/src/hotspot/share/memory/arena.cpp:195), pid=21384, tid=7296
#
# JRE version: Java(TM) SE Runtime Environment (15.0.1+9) (build 15.0.1+9-18)
# Java VM: Java HotSpot(TM) 64-Bit Server VM (15.0.1+9-18, mixed mode, sharing, tiered, compressed oops, g1 gc, windows-amd64)
# No core dump will be written. Minidumps are not enabled by default on client versions of Windows
#

---------------  S U M M A R Y ------------

Command Line: -Dclassworlds.conf=C:\netbeans\java\maven\bin\..\bin\m2.conf -Dmaven.home=C:\netbeans\java\maven\bin\.. -Dlibrary.jansi.path=C:\netbeans\java\maven\bin\..\lib\jansi-native -Dmaven.multiModuleProjectDirectory=D:\ISIS\COURS\GENIE LOGICIEL\EXO_TP_A_RENDRE\Bandeau\Bandeau org.codehaus.plexus.classworlds.launcher.Launcher -Dmaven.ext.class.path=C:\netbeans\java\maven-nblib\netbeans-eventspy.jar -Dfile.encoding=UTF-8 clean install

Host: Intel(R) Core(TM) i5-5200U CPU @ 2.20GHz, 4 cores, 7G,  Windows 10 , 64 bit Build 14393 (10.0.14393.0)
Time: Tue Dec  8 09:11:35 2020 Paris, Madrid elapsed time: 6.545201 seconds (0d 0h 0m 6s)

---------------  T H R E A D  ---------------

Current thread (0x0000021ea8551fe0):  JavaThread "C2 CompilerThread0" daemon [_thread_in_native, id=7296, stack(0x000000c8b4f00000,0x000000c8b5000000)]


Current CompileTask:
C2:   6557 2321       4       org.apache.maven.model.io.xpp3.MavenXpp3Reader::checkFieldWithDuplicate (75 bytes)

Stack: [0x000000c8b4f00000,0x000000c8b5000000]
Native frames: (J=compiled Java code, j=interpreted, Vv=VM code, C=native code)
V  [jvm.dll+0x62ae9a]
V  [jvm.dll+0x781389]
V  [jvm.dll+0x782ae3]
V  [jvm.dll+0x783143]
V  [jvm.dll+0x216265]
V  [jvm.dll+0x97efa]
V  [jvm.dll+0x985dc]
V  [jvm.dll+0x32e525]
V  [jvm.dll+0x2f78aa]
V  [jvm.dll+0x2f6c6a]
V  [jvm.dll+0x1ea645]
V  [jvm.dll+0x1e98ae]
V  [jvm.dll+0x1784c7]
V  [jvm.dll+0x1f9165]
V  [jvm.dll+0x1f720c]
V  [jvm.dll+0x74485d]
V  [jvm.dll+0x73d65a]
V  [jvm.dll+0x629c56]
C  [ucrtbase.dll+0x1cab0]
C  [KERNEL32.DLL+0x8364]
C  [ntdll.dll+0x65e91]


---------------  P R O C E S S  ---------------

Threads class SMR info:
_java_thread_list=0x0000021ea99eada0, length=12, elements={
0x0000021e8a2c9430, 0x0000021ea8529a60, 0x0000021ea852a950, 0x0000021ea8543770,
0x0000021ea8544030, 0x0000021ea8548e20, 0x0000021ea8551fe0, 0x0000021ea8555880,
0x0000021ea85562a0, 0x0000021ea8fb36b0, 0x0000021ea8fbe2f0, 0x0000021ea9957750
}

Java Threads: ( => current thread )
  0x0000021e8a2c9430 JavaThread "main" [_thread_in_native, id=2728, stack(0x000000c8b4300000,0x000000c8b4400000)]
  0x0000021ea8529a60 JavaThread "Reference Handler" daemon [_thread_blocked, id=19992, stack(0x000000c8b4a00000,0x000000c8b4b00000)]
  0x0000021ea852a950 JavaThread "Finalizer" daemon [_thread_blocked, id=21352, stack(0x000000c8b4b00000,0x000000c8b4c00000)]
  0x0000021ea8543770 JavaThread "Signal Dispatcher" daemon [_thread_blocked, id=12712, stack(0x000000c8b4c00000,0x000000c8b4d00000)]
  0x0000021ea8544030 JavaThread "Attach Listener" daemon [_thread_blocked, id=17420, stack(0x000000c8b4d00000,0x000000c8b4e00000)]
  0x0000021ea8548e20 JavaThread "Service Thread" daemon [_thread_blocked, id=18500, stack(0x000000c8b4e00000,0x000000c8b4f00000)]
=>0x0000021ea8551fe0 JavaThread "C2 CompilerThread0" daemon [_thread_in_native, id=7296, stack(0x000000c8b4f00000,0x000000c8b5000000)]
  0x0000021ea8555880 JavaThread "C1 CompilerThread0" daemon [_thread_blocked, id=17432, stack(0x000000c8b5000000,0x000000c8b5100000)]
  0x0000021ea85562a0 JavaThread "Sweeper thread" daemon [_thread_blocked, id=4928, stack(0x000000c8b5100000,0x000000c8b5200000)]
  0x0000021ea8fb36b0 JavaThread "Notification Thread" daemon [_thread_blocked, id=14792, stack(0x000000c8b5200000,0x000000c8b5300000)]
  0x0000021ea8fbe2f0 JavaThread "Common-Cleaner" daemon [_thread_blocked, id=3868, stack(0x000000c8b5400000,0x000000c8b5500000)]
  0x0000021ea9957750 JavaThread "C2 CompilerThread1" daemon [_thread_in_native, id=19124, stack(0x000000c8b5700000,0x000000c8b5800000)]

Other Threads:
  0x0000021ea8525eb0 VMThread "VM Thread" [stack: 0x000000c8b4900000,0x000000c8b4a00000] [id=10388]
  0x0000021ea8fb7fc0 WatcherThread [stack: 0x000000c8b5300000,0x000000c8b5400000] [id=1616]
  0x0000021e8a3095d0 GCTaskThread "GC Thread#0" [stack: 0x000000c8b4400000,0x000000c8b4500000] [id=14296]
  0x0000021ea924c920 GCTaskThread "GC Thread#1" [stack: 0x000000c8b5500000,0x000000c8b5600000] [id=20896]
  0x0000021ea924bf90 GCTaskThread "GC Thread#2" [stack: 0x000000c8b5600000,0x000000c8b5700000] [id=21216]
  0x0000021e8a31a4a0 ConcurrentGCThread "G1 Main Marker" [stack: 0x000000c8b4500000,0x000000c8b4600000] [id=16016]
  0x0000021e8a31c020 ConcurrentGCThread "G1 Conc#0" [stack: 0x000000c8b4600000,0x000000c8b4700000] [id=15300]
  0x0000021ea83a24c0 ConcurrentGCThread "G1 Refine#0" [stack: 0x000000c8b4700000,0x000000c8b4800000] [id=6936]
  0x0000021ea83a3040 ConcurrentGCThread "G1 Young RemSet Sampling" [stack: 0x000000c8b4800000,0x000000c8b4900000] [id=12840]

Threads with active compile tasks:
C2 CompilerThread0     6711 2321       4       org.apache.maven.model.io.xpp3.MavenXpp3Reader::checkFieldWithDuplicate (75 bytes)
C2 CompilerThread1     6711 2388       4       org.codehaus.plexus.util.xml.pull.MXParser::parseAttribute (1641 bytes)

VM state: not at safepoint (normal execution)

VM Mutex/Monitor currently owned by a thread: None

Heap address: 0x0000000081800000, size: 2024 MB, Compressed Oops mode: 32-bit
CDS archive(s) mapped at: [0x0000000800000000-0x0000000800b50000-0x0000000800b50000), size 11862016, SharedBaseAddress: 0x0000000800000000, ArchiveRelocationMode: 0.
Compressed class space mapped at: 0x0000000800b50000-0x0000000840b50000, size: 1073741824
Narrow klass base: 0x0000000800000000, Narrow klass shift: 3, Narrow klass range: 0x100000000

GC Precious Log:
 CPUs: 4 total, 4 available
 Memory: 8091M
 Large Page Support: Disabled
 NUMA Support: Disabled
 Compressed Oops: Enabled (32-bit)
 Heap Region Size: 1M
 Heap Min Capacity: 8M
 Heap Initial Capacity: 128M
 Heap Max Capacity: 2024M
 Pre-touch: Disabled
 Parallel Workers: 4
 Concurrent Workers: 1
 Concurrent Refinement Workers: 4
 Periodic GC: Disabled

Heap:
 garbage-first heap   total 131072K, used 25779K [0x0000000081800000, 0x0000000100000000)
  region size 1024K, 24 young (24576K), 3 survivors (3072K)
 Metaspace       used 12923K, capacity 14553K, committed 14720K, reserved 1062912K
  class space    used 1469K, capacity 1659K, committed 1664K, reserved 1048576K

Heap Regions: E=young(eden), S=young(survivor), O=old, HS=humongous(starts), HC=humongous(continues), CS=collection set, F=free, OA=open archive, CA=closed archive, TAMS=top-at-mark-start (previous, next)
|   0|0x0000000081800000, 0x0000000081900000, 0x0000000081900000|100%| O|  |TAMS 0x0000000081800000, 0x0000000081800000| Untracked 
|   1|0x0000000081900000, 0x0000000081a00000, 0x0000000081a00000|100%| O|  |TAMS 0x0000000081900000, 0x0000000081900000| Untracked 
|   2|0x0000000081a00000, 0x0000000081b00000, 0x0000000081b00000|100%| O|  |TAMS 0x0000000081a00000, 0x0000000081a00000| Untracked 
|   3|0x0000000081b00000, 0x0000000081b00000, 0x0000000081c00000|  0%| F|  |TAMS 0x0000000081b00000, 0x0000000081b00000| Untracked 
|   4|0x0000000081c00000, 0x0000000081c00000, 0x0000000081d00000|  0%| F|  |TAMS 0x0000000081c00000, 0x0000000081c00000| Untracked 
|   5|0x0000000081d00000, 0x0000000081d00000, 0x0000000081e00000|  0%| F|  |TAMS 0x0000000081d00000, 0x0000000081d00000| Untracked 
|   6|0x0000000081e00000, 0x0000000081e00000, 0x0000000081f00000|  0%| F|  |TAMS 0x0000000081e00000, 0x0000000081e00000| Untracked 
|   7|0x0000000081f00000, 0x0000000081f00000, 0x0000000082000000|  0%| F|  |TAMS 0x0000000081f00000, 0x0000000081f00000| Untracked 
|   8|0x0000000082000000, 0x0000000082000000, 0x0000000082100000|  0%| F|  |TAMS 0x0000000082000000, 0x0000000082000000| Untracked 
|   9|0x0000000082100000, 0x0000000082100000, 0x0000000082200000|  0%| F|  |TAMS 0x0000000082100000, 0x0000000082100000| Untracked 
|  10|0x0000000082200000, 0x0000000082200000, 0x0000000082300000|  0%| F|  |TAMS 0x0000000082200000, 0x0000000082200000| Untracked 
|  11|0x0000000082300000, 0x0000000082300000, 0x0000000082400000|  0%| F|  |TAMS 0x0000000082300000, 0x0000000082300000| Untracked 
|  12|0x0000000082400000, 0x0000000082400000, 0x0000000082500000|  0%| F|  |TAMS 0x0000000082400000, 0x0000000082400000| Untracked 
|  13|0x0000000082500000, 0x0000000082500000, 0x0000000082600000|  0%| F|  |TAMS 0x0000000082500000, 0x0000000082500000| Untracked 
|  14|0x0000000082600000, 0x0000000082600000, 0x0000000082700000|  0%| F|  |TAMS 0x0000000082600000, 0x0000000082600000| Untracked 
|  15|0x0000000082700000, 0x0000000082700000, 0x0000000082800000|  0%| F|  |TAMS 0x0000000082700000, 0x0000000082700000| Untracked 
|  16|0x0000000082800000, 0x0000000082800000, 0x0000000082900000|  0%| F|  |TAMS 0x0000000082800000, 0x0000000082800000| Untracked 
|  17|0x0000000082900000, 0x0000000082900000, 0x0000000082a00000|  0%| F|  |TAMS 0x0000000082900000, 0x0000000082900000| Untracked 
|  18|0x0000000082a00000, 0x0000000082a00000, 0x0000000082b00000|  0%| F|  |TAMS 0x0000000082a00000, 0x0000000082a00000| Untracked 
|  19|0x0000000082b00000, 0x0000000082b00000, 0x0000000082c00000|  0%| F|  |TAMS 0x0000000082b00000, 0x0000000082b00000| Untracked 
|  20|0x0000000082c00000, 0x0000000082c00000, 0x0000000082d00000|  0%| F|  |TAMS 0x0000000082c00000, 0x0000000082c00000| Untracked 
|  21|0x0000000082d00000, 0x0000000082d00000, 0x0000000082e00000|  0%| F|  |TAMS 0x0000000082d00000, 0x0000000082d00000| Untracked 
|  22|0x0000000082e00000, 0x0000000082e00000, 0x0000000082f00000|  0%| F|  |TAMS 0x0000000082e00000, 0x0000000082e00000| Untracked 
|  23|0x0000000082f00000, 0x0000000082f00000, 0x0000000083000000|  0%| F|  |TAMS 0x0000000082f00000, 0x0000000082f00000| Untracked 
|  24|0x0000000083000000, 0x0000000083000000, 0x0000000083100000|  0%| F|  |TAMS 0x0000000083000000, 0x0000000083000000| Untracked 
|  25|0x0000000083100000, 0x0000000083100000, 0x0000000083200000|  0%| F|  |TAMS 0x0000000083100000, 0x0000000083100000| Untracked 
|  26|0x0000000083200000, 0x0000000083200000, 0x0000000083300000|  0%| F|  |TAMS 0x0000000083200000, 0x0000000083200000| Untracked 
|  27|0x0000000083300000, 0x0000000083300000, 0x0000000083400000|  0%| F|  |TAMS 0x0000000083300000, 0x0000000083300000| Untracked 
|  28|0x0000000083400000, 0x0000000083400000, 0x0000000083500000|  0%| F|  |TAMS 0x0000000083400000, 0x0000000083400000| Untracked 
|  29|0x0000000083500000, 0x0000000083500000, 0x0000000083600000|  0%| F|  |TAMS 0x0000000083500000, 0x0000000083500000| Untracked 
|  30|0x0000000083600000, 0x0000000083600000, 0x0000000083700000|  0%| F|  |TAMS 0x0000000083600000, 0x0000000083600000| Untracked 
|  31|0x0000000083700000, 0x0000000083700000, 0x0000000083800000|  0%| F|  |TAMS 0x0000000083700000, 0x0000000083700000| Untracked 
|  32|0x0000000083800000, 0x0000000083800000, 0x0000000083900000|  0%| F|  |TAMS 0x0000000083800000, 0x0000000083800000| Untracked 
|  33|0x0000000083900000, 0x0000000083900000, 0x0000000083a00000|  0%| F|  |TAMS 0x0000000083900000, 0x0000000083900000| Untracked 
|  34|0x0000000083a00000, 0x0000000083a00000, 0x0000000083b00000|  0%| F|  |TAMS 0x0000000083a00000, 0x0000000083a00000| Untracked 
|  35|0x0000000083b00000, 0x0000000083b00000, 0x0000000083c00000|  0%| F|  |TAMS 0x0000000083b00000, 0x0000000083b00000| Untracked 
|  36|0x0000000083c00000, 0x0000000083c00000, 0x0000000083d00000|  0%| F|  |TAMS 0x0000000083c00000, 0x0000000083c00000| Untracked 
|  37|0x0000000083d00000, 0x0000000083d00000, 0x0000000083e00000|  0%| F|  |TAMS 0x0000000083d00000, 0x0000000083d00000| Untracked 
|  38|0x0000000083e00000, 0x0000000083e00000, 0x0000000083f00000|  0%| F|  |TAMS 0x0000000083e00000, 0x0000000083e00000| Untracked 
|  39|0x0000000083f00000, 0x0000000083f00000, 0x0000000084000000|  0%| F|  |TAMS 0x0000000083f00000, 0x0000000083f00000| Untracked 
|  40|0x0000000084000000, 0x0000000084000000, 0x0000000084100000|  0%| F|  |TAMS 0x0000000084000000, 0x0000000084000000| Untracked 
|  41|0x0000000084100000, 0x0000000084100000, 0x0000000084200000|  0%| F|  |TAMS 0x0000000084100000, 0x0000000084100000| Untracked 
|  42|0x0000000084200000, 0x0000000084200000, 0x0000000084300000|  0%| F|  |TAMS 0x0000000084200000, 0x0000000084200000| Untracked 
|  43|0x0000000084300000, 0x0000000084300000, 0x0000000084400000|  0%| F|  |TAMS 0x0000000084300000, 0x0000000084300000| Untracked 
|  44|0x0000000084400000, 0x0000000084400000, 0x0000000084500000|  0%| F|  |TAMS 0x0000000084400000, 0x0000000084400000| Untracked 
|  45|0x0000000084500000, 0x0000000084500000, 0x0000000084600000|  0%| F|  |TAMS 0x0000000084500000, 0x0000000084500000| Untracked 
|  46|0x0000000084600000, 0x0000000084600000, 0x0000000084700000|  0%| F|  |TAMS 0x0000000084600000, 0x0000000084600000| Untracked 
|  47|0x0000000084700000, 0x0000000084700000, 0x0000000084800000|  0%| F|  |TAMS 0x0000000084700000, 0x0000000084700000| Untracked 
|  48|0x0000000084800000, 0x0000000084800000, 0x0000000084900000|  0%| F|  |TAMS 0x0000000084800000, 0x0000000084800000| Untracked 
|  49|0x0000000084900000, 0x0000000084900000, 0x0000000084a00000|  0%| F|  |TAMS 0x0000000084900000, 0x0000000084900000| Untracked 
|  50|0x0000000084a00000, 0x0000000084a00000, 0x0000000084b00000|  0%| F|  |TAMS 0x0000000084a00000, 0x0000000084a00000| Untracked 
|  51|0x0000000084b00000, 0x0000000084b00000, 0x0000000084c00000|  0%| F|  |TAMS 0x0000000084b00000, 0x0000000084b00000| Untracked 
|  52|0x0000000084c00000, 0x0000000084c00000, 0x0000000084d00000|  0%| F|  |TAMS 0x0000000084c00000, 0x0000000084c00000| Untracked 
|  53|0x0000000084d00000, 0x0000000084d00000, 0x0000000084e00000|  0%| F|  |TAMS 0x0000000084d00000, 0x0000000084d00000| Untracked 
|  54|0x0000000084e00000, 0x0000000084e00000, 0x0000000084f00000|  0%| F|  |TAMS 0x0000000084e00000, 0x0000000084e00000| Untracked 
|  55|0x0000000084f00000, 0x0000000084f00000, 0x0000000085000000|  0%| F|  |TAMS 0x0000000084f00000, 0x0000000084f00000| Untracked 
|  56|0x0000000085000000, 0x0000000085000000, 0x0000000085100000|  0%| F|  |TAMS 0x0000000085000000, 0x0000000085000000| Untracked 
|  57|0x0000000085100000, 0x0000000085100000, 0x0000000085200000|  0%| F|  |TAMS 0x0000000085100000, 0x0000000085100000| Untracked 
|  58|0x0000000085200000, 0x0000000085200000, 0x0000000085300000|  0%| F|  |TAMS 0x0000000085200000, 0x0000000085200000| Untracked 
|  59|0x0000000085300000, 0x0000000085300000, 0x0000000085400000|  0%| F|  |TAMS 0x0000000085300000, 0x0000000085300000| Untracked 
|  60|0x0000000085400000, 0x0000000085400000, 0x0000000085500000|  0%| F|  |TAMS 0x0000000085400000, 0x0000000085400000| Untracked 
|  61|0x0000000085500000, 0x0000000085500000, 0x0000000085600000|  0%| F|  |TAMS 0x0000000085500000, 0x0000000085500000| Untracked 
|  62|0x0000000085600000, 0x0000000085600000, 0x0000000085700000|  0%| F|  |TAMS 0x0000000085600000, 0x0000000085600000| Untracked 
|  63|0x0000000085700000, 0x0000000085700000, 0x0000000085800000|  0%| F|  |TAMS 0x0000000085700000, 0x0000000085700000| Untracked 
|  64|0x0000000085800000, 0x0000000085800000, 0x0000000085900000|  0%| F|  |TAMS 0x0000000085800000, 0x0000000085800000| Untracked 
|  65|0x0000000085900000, 0x0000000085900000, 0x0000000085a00000|  0%| F|  |TAMS 0x0000000085900000, 0x0000000085900000| Untracked 
|  66|0x0000000085a00000, 0x0000000085a00000, 0x0000000085b00000|  0%| F|  |TAMS 0x0000000085a00000, 0x0000000085a00000| Untracked 
|  67|0x0000000085b00000, 0x0000000085b00000, 0x0000000085c00000|  0%| F|  |TAMS 0x0000000085b00000, 0x0000000085b00000| Untracked 
|  68|0x0000000085c00000, 0x0000000085c00000, 0x0000000085d00000|  0%| F|  |TAMS 0x0000000085c00000, 0x0000000085c00000| Untracked 
|  69|0x0000000085d00000, 0x0000000085d00000, 0x0000000085e00000|  0%| F|  |TAMS 0x0000000085d00000, 0x0000000085d00000| Untracked 
|  70|0x0000000085e00000, 0x0000000085e00000, 0x0000000085f00000|  0%| F|  |TAMS 0x0000000085e00000, 0x0000000085e00000| Untracked 
|  71|0x0000000085f00000, 0x0000000085f00000, 0x0000000086000000|  0%| F|  |TAMS 0x0000000085f00000, 0x0000000085f00000| Untracked 
|  72|0x0000000086000000, 0x0000000086000000, 0x0000000086100000|  0%| F|  |TAMS 0x0000000086000000, 0x0000000086000000| Untracked 
|  73|0x0000000086100000, 0x0000000086100000, 0x0000000086200000|  0%| F|  |TAMS 0x0000000086100000, 0x0000000086100000| Untracked 
|  74|0x0000000086200000, 0x0000000086200000, 0x0000000086300000|  0%| F|  |TAMS 0x0000000086200000, 0x0000000086200000| Untracked 
|  75|0x0000000086300000, 0x0000000086300000, 0x0000000086400000|  0%| F|  |TAMS 0x0000000086300000, 0x0000000086300000| Untracked 
|  76|0x0000000086400000, 0x0000000086400000, 0x0000000086500000|  0%| F|  |TAMS 0x0000000086400000, 0x0000000086400000| Untracked 
|  77|0x0000000086500000, 0x0000000086500000, 0x0000000086600000|  0%| F|  |TAMS 0x0000000086500000, 0x0000000086500000| Untracked 
|  78|0x0000000086600000, 0x0000000086600000, 0x0000000086700000|  0%| F|  |TAMS 0x0000000086600000, 0x0000000086600000| Untracked 
|  79|0x0000000086700000, 0x0000000086700000, 0x0000000086800000|  0%| F|  |TAMS 0x0000000086700000, 0x0000000086700000| Untracked 
|  80|0x0000000086800000, 0x0000000086800000, 0x0000000086900000|  0%| F|  |TAMS 0x0000000086800000, 0x0000000086800000| Untracked 
|  81|0x0000000086900000, 0x0000000086900000, 0x0000000086a00000|  0%| F|  |TAMS 0x0000000086900000, 0x0000000086900000| Untracked 
|  82|0x0000000086a00000, 0x0000000086a00000, 0x0000000086b00000|  0%| F|  |TAMS 0x0000000086a00000, 0x0000000086a00000| Untracked 
|  83|0x0000000086b00000, 0x0000000086b00000, 0x0000000086c00000|  0%| F|  |TAMS 0x0000000086b00000, 0x0000000086b00000| Untracked 
|  84|0x0000000086c00000, 0x0000000086c00000, 0x0000000086d00000|  0%| F|  |TAMS 0x0000000086c00000, 0x0000000086c00000| Untracked 
|  85|0x0000000086d00000, 0x0000000086d00000, 0x0000000086e00000|  0%| F|  |TAMS 0x0000000086d00000, 0x0000000086d00000| Untracked 
|  86|0x0000000086e00000, 0x0000000086e00000, 0x0000000086f00000|  0%| F|  |TAMS 0x0000000086e00000, 0x0000000086e00000| Untracked 
|  87|0x0000000086f00000, 0x0000000086f00000, 0x0000000087000000|  0%| F|  |TAMS 0x0000000086f00000, 0x0000000086f00000| Untracked 
|  88|0x0000000087000000, 0x0000000087000000, 0x0000000087100000|  0%| F|  |TAMS 0x0000000087000000, 0x0000000087000000| Untracked 
|  89|0x0000000087100000, 0x0000000087100000, 0x0000000087200000|  0%| F|  |TAMS 0x0000000087100000, 0x0000000087100000| Untracked 
|  90|0x0000000087200000, 0x0000000087200000, 0x0000000087300000|  0%| F|  |TAMS 0x0000000087200000, 0x0000000087200000| Untracked 
|  91|0x0000000087300000, 0x0000000087300000, 0x0000000087400000|  0%| F|  |TAMS 0x0000000087300000, 0x0000000087300000| Untracked 
|  92|0x0000000087400000, 0x0000000087400000, 0x0000000087500000|  0%| F|  |TAMS 0x0000000087400000, 0x0000000087400000| Untracked 
|  93|0x0000000087500000, 0x0000000087500000, 0x0000000087600000|  0%| F|  |TAMS 0x0000000087500000, 0x0000000087500000| Untracked 
|  94|0x0000000087600000, 0x0000000087600000, 0x0000000087700000|  0%| F|  |TAMS 0x0000000087600000, 0x0000000087600000| Untracked 
|  95|0x0000000087700000, 0x0000000087700000, 0x0000000087800000|  0%| F|  |TAMS 0x0000000087700000, 0x0000000087700000| Untracked 
|  96|0x0000000087800000, 0x0000000087800000, 0x0000000087900000|  0%| F|  |TAMS 0x0000000087800000, 0x0000000087800000| Untracked 
|  97|0x0000000087900000, 0x0000000087900000, 0x0000000087a00000|  0%| F|  |TAMS 0x0000000087900000, 0x0000000087900000| Untracked 
|  98|0x0000000087a00000, 0x0000000087a2cea0, 0x0000000087b00000| 17%| S|CS|TAMS 0x0000000087a00000, 0x0000000087a00000| Complete 
|  99|0x0000000087b00000, 0x0000000087c00000, 0x0000000087c00000|100%| S|CS|TAMS 0x0000000087b00000, 0x0000000087b00000| Complete 
| 100|0x0000000087c00000, 0x0000000087d00000, 0x0000000087d00000|100%| S|CS|TAMS 0x0000000087c00000, 0x0000000087c00000| Complete 
| 101|0x0000000087d00000, 0x0000000087d00000, 0x0000000087e00000|  0%| F|  |TAMS 0x0000000087d00000, 0x0000000087d00000| Untracked 
| 102|0x0000000087e00000, 0x0000000087e00000, 0x0000000087f00000|  0%| F|  |TAMS 0x0000000087e00000, 0x0000000087e00000| Untracked 
| 103|0x0000000087f00000, 0x0000000087f00000, 0x0000000088000000|  0%| F|  |TAMS 0x0000000087f00000, 0x0000000087f00000| Untracked 
| 104|0x0000000088000000, 0x0000000088000000, 0x0000000088100000|  0%| F|  |TAMS 0x0000000088000000, 0x0000000088000000| Untracked 
| 105|0x0000000088100000, 0x0000000088100000, 0x0000000088200000|  0%| F|  |TAMS 0x0000000088100000, 0x0000000088100000| Untracked 
| 106|0x0000000088200000, 0x0000000088200000, 0x0000000088300000|  0%| F|  |TAMS 0x0000000088200000, 0x0000000088200000| Untracked 
| 107|0x0000000088300000, 0x0000000088400000, 0x0000000088400000|100%| E|  |TAMS 0x0000000088300000, 0x0000000088300000| Complete 
| 108|0x0000000088400000, 0x0000000088500000, 0x0000000088500000|100%| E|CS|TAMS 0x0000000088400000, 0x0000000088400000| Complete 
| 109|0x0000000088500000, 0x0000000088600000, 0x0000000088600000|100%| E|CS|TAMS 0x0000000088500000, 0x0000000088500000| Complete 
| 110|0x0000000088600000, 0x0000000088700000, 0x0000000088700000|100%| E|CS|TAMS 0x0000000088600000, 0x0000000088600000| Complete 
| 111|0x0000000088700000, 0x0000000088800000, 0x0000000088800000|100%| E|CS|TAMS 0x0000000088700000, 0x0000000088700000| Complete 
| 112|0x0000000088800000, 0x0000000088900000, 0x0000000088900000|100%| E|CS|TAMS 0x0000000088800000, 0x0000000088800000| Complete 
| 113|0x0000000088900000, 0x0000000088a00000, 0x0000000088a00000|100%| E|CS|TAMS 0x0000000088900000, 0x0000000088900000| Complete 
| 114|0x0000000088a00000, 0x0000000088b00000, 0x0000000088b00000|100%| E|CS|TAMS 0x0000000088a00000, 0x0000000088a00000| Complete 
| 115|0x0000000088b00000, 0x0000000088c00000, 0x0000000088c00000|100%| E|CS|TAMS 0x0000000088b00000, 0x0000000088b00000| Complete 
| 116|0x0000000088c00000, 0x0000000088d00000, 0x0000000088d00000|100%| E|CS|TAMS 0x0000000088c00000, 0x0000000088c00000| Complete 
| 117|0x0000000088d00000, 0x0000000088e00000, 0x0000000088e00000|100%| E|CS|TAMS 0x0000000088d00000, 0x0000000088d00000| Complete 
| 118|0x0000000088e00000, 0x0000000088f00000, 0x0000000088f00000|100%| E|CS|TAMS 0x0000000088e00000, 0x0000000088e00000| Complete 
| 119|0x0000000088f00000, 0x0000000089000000, 0x0000000089000000|100%| E|CS|TAMS 0x0000000088f00000, 0x0000000088f00000| Complete 
| 120|0x0000000089000000, 0x0000000089100000, 0x0000000089100000|100%| E|CS|TAMS 0x0000000089000000, 0x0000000089000000| Complete 
| 121|0x0000000089100000, 0x0000000089200000, 0x0000000089200000|100%| E|CS|TAMS 0x0000000089100000, 0x0000000089100000| Complete 
| 122|0x0000000089200000, 0x0000000089300000, 0x0000000089300000|100%| E|CS|TAMS 0x0000000089200000, 0x0000000089200000| Complete 
| 123|0x0000000089300000, 0x0000000089400000, 0x0000000089400000|100%| E|CS|TAMS 0x0000000089300000, 0x0000000089300000| Complete 
| 124|0x0000000089400000, 0x0000000089500000, 0x0000000089500000|100%| E|CS|TAMS 0x0000000089400000, 0x0000000089400000| Complete 
| 125|0x0000000089500000, 0x0000000089600000, 0x0000000089600000|100%| E|CS|TAMS 0x0000000089500000, 0x0000000089500000| Complete 
| 126|0x0000000089600000, 0x0000000089700000, 0x0000000089700000|100%| E|CS|TAMS 0x0000000089600000, 0x0000000089600000| Complete 
| 127|0x0000000089700000, 0x0000000089800000, 0x0000000089800000|100%| E|CS|TAMS 0x0000000089700000, 0x0000000089700000| Complete 

Card table byte_map: [0x0000021ea1900000,0x0000021ea1d00000] _byte_map_base: 0x0000021ea14f4000

Marking Bits (Prev, Next): (CMBitMap*) 0x0000021e8a309d40, (CMBitMap*) 0x0000021e8a309d80
 Prev Bits: [0x0000021ea2100000, 0x0000021ea40a0000)
 Next Bits: [0x0000021ea40a0000, 0x0000021ea6040000)

Polling page: 0x0000021e88170000

Metaspace:

Usage:
  Non-class:     12.59 MB capacity,    11.19 MB ( 89%) used,     1.39 MB ( 11%) free+waste,    12.75 KB ( <1%) overhead. 
      Class:      1.62 MB capacity,     1.44 MB ( 89%) used,   184.17 KB ( 11%) free+waste,     5.13 KB ( <1%) overhead. 
       Both:     14.21 MB capacity,    12.62 MB ( 89%) used,     1.57 MB ( 11%) free+waste,    17.88 KB ( <1%) overhead. 

Virtual space:
  Non-class space:       14.00 MB reserved,      12.75 MB ( 91%) committed 
      Class space:        1.00 GB reserved,       1.63 MB ( <1%) committed 
             Both:        1.01 GB reserved,      14.38 MB (  1%) committed 

Chunk freelists:
   Non-Class:  34.00 KB
       Class:  5.00 KB
        Both:  39.00 KB

MaxMetaspaceSize: 17179869184.00 GB
CompressedClassSpaceSize: 1.00 GB

CodeHeap 'non-profiled nmethods': size=120000Kb used=974Kb max_used=974Kb free=119025Kb
 bounds [0x0000021e99fd0000, 0x0000021e9a240000, 0x0000021ea1500000]
CodeHeap 'profiled nmethods': size=120000Kb used=4709Kb max_used=4709Kb free=115290Kb
 bounds [0x0000021e92aa0000, 0x0000021e92f40000, 0x0000021e99fd0000]
CodeHeap 'non-nmethods': size=5760Kb used=1202Kb max_used=1241Kb free=4557Kb
 bounds [0x0000021e92500000, 0x0000021e92770000, 0x0000021e92aa0000]
 total_blobs=2882 nmethods=2419 adapters=375
 compilation: enabled
              stopped_count=0, restarted_count=0
 full_count=0

Compilation events (20 events):
Event: 6.337 Thread 0x0000021ea8555880 nmethod 2320 0x0000021e9a0b5f10 code [0x0000021e9a0b60a0, 0x0000021e9a0b6158]
Event: 6.338 Thread 0x0000021ea8551fe0 2321       4       org.apache.maven.model.io.xpp3.MavenXpp3Reader::checkFieldWithDuplicate (75 bytes)
Event: 6.338 Thread 0x0000021ea8555880 2322       3       org.codehaus.plexus.util.xml.pull.MXParser::isWhitespace (116 bytes)
Event: 6.339 Thread 0x0000021ea8555880 nmethod 2322 0x0000021e92f0cc10 code [0x0000021e92f0ce20, 0x0000021e92f0d648]
Event: 6.339 Thread 0x0000021ea8555880 2323       1       org.apache.maven.model.Contributor::setName (6 bytes)
Event: 6.339 Thread 0x0000021ea8555880 nmethod 2323 0x0000021e9a0b6210 code [0x0000021e9a0b63a0, 0x0000021e9a0b6498]
Event: 6.340 Thread 0x0000021ea8555880 2324       1       org.apache.maven.model.Developer::setId (6 bytes)
Event: 6.340 Thread 0x0000021ea8555880 nmethod 2324 0x0000021e9a0b6510 code [0x0000021e9a0b66a0, 0x0000021e9a0b6798]
Event: 6.340 Thread 0x0000021ea8555880 2325       1       org.apache.maven.model.Contributor::setRoles (6 bytes)
Event: 6.340 Thread 0x0000021ea8555880 nmethod 2325 0x0000021e9a0b6810 code [0x0000021e9a0b69a0, 0x0000021e9a0b6a98]
Event: 6.341 Thread 0x0000021ea8555880 2328   !   3       org.apache.maven.model.Contributor::clone (126 bytes)
Event: 6.343 Thread 0x0000021ea8555880 nmethod 2328 0x0000021e92f0d890 code [0x0000021e92f0dba0, 0x0000021e92f0ee38]
Event: 6.343 Thread 0x0000021ea8555880 2329   !   3       org.apache.maven.model.Developer::clone (51 bytes)
Event: 6.343 Thread 0x0000021ea8555880 nmethod 2329 0x0000021e92f0f590 code [0x0000021e92f0f800, 0x0000021e92f10128]
Event: 6.343 Thread 0x0000021ea8555880 2330       3       java.util.regex.Matcher::groupCount (10 bytes)
Event: 6.344 Thread 0x0000021ea8555880 nmethod 2330 0x0000021e92f10490 code [0x0000021e92f10620, 0x0000021e92f10738]
Event: 6.392 Thread 0x0000021ea9957750 nmethod 2317 0x0000021e9a0b6b10 code [0x0000021e9a0b6d60, 0x0000021e9a0b8760]
Event: 6.392 Thread 0x0000021ea9957750 2327       4       java.io.InputStreamReader::read (11 bytes)
Event: 6.393 Thread 0x0000021ea9957750 nmethod 2327 0x0000021e9a0b8f90 code [0x0000021e9a0b9120, 0x0000021e9a0b91c8]
Event: 6.393 Thread 0x0000021ea9957750 2326       4       org.codehaus.plexus.util.xml.pull.MXParser::getText (125 bytes)

GC Heap History (6 events):
Event: 4.013 GC heap before
{Heap before GC invocations=0 (full 0):
 garbage-first heap   total 131072K, used 13312K [0x0000000081800000, 0x0000000100000000)
  region size 1024K, 13 young (13312K), 0 survivors (0K)
 Metaspace       used 3911K, capacity 6963K, committed 7168K, reserved 1056768K
  class space    used 411K, capacity 725K, committed 768K, reserved 1048576K
}
Event: 4.022 GC heap after
{Heap after GC invocations=1 (full 0):
 garbage-first heap   total 131072K, used 3080K [0x0000000081800000, 0x0000000100000000)
  region size 1024K, 2 young (2048K), 2 survivors (2048K)
 Metaspace       used 3911K, capacity 6963K, committed 7168K, reserved 1056768K
  class space    used 411K, capacity 725K, committed 768K, reserved 1048576K
}
Event: 4.461 GC heap before
{Heap before GC invocations=1 (full 0):
 garbage-first heap   total 131072K, used 16392K [0x0000000081800000, 0x0000000100000000)
  region size 1024K, 15 young (15360K), 2 survivors (2048K)
 Metaspace       used 5475K, capacity 7958K, committed 8064K, reserved 1056768K
  class space    used 627K, capacity 886K, committed 896K, reserved 1048576K
}
Event: 4.466 GC heap after
{Heap after GC invocations=2 (full 0):
 garbage-first heap   total 131072K, used 3737K [0x0000000081800000, 0x0000000100000000)
  region size 1024K, 1 young (1024K), 1 survivors (1024K)
 Metaspace       used 5475K, capacity 7958K, committed 8064K, reserved 1056768K
  class space    used 627K, capacity 886K, committed 896K, reserved 1048576K
}
Event: 5.334 GC heap before
{Heap before GC invocations=2 (full 0):
 garbage-first heap   total 131072K, used 30361K [0x0000000081800000, 0x0000000100000000)
  region size 1024K, 27 young (27648K), 1 survivors (1024K)
 Metaspace       used 9920K, capacity 12092K, committed 12288K, reserved 1060864K
  class space    used 1184K, capacity 1446K, committed 1536K, reserved 1048576K
}
Event: 5.339 GC heap after
{Heap after GC invocations=3 (full 0):
 garbage-first heap   total 131072K, used 5299K [0x0000000081800000, 0x0000000100000000)
  region size 1024K, 3 young (3072K), 3 survivors (3072K)
 Metaspace       used 9920K, capacity 12092K, committed 12288K, reserved 1060864K
  class space    used 1184K, capacity 1446K, committed 1536K, reserved 1048576K
}

Deoptimization events (20 events):
Event: 6.162 Thread 0x0000021e8a2c9430 DEOPT PACKING pc=0x0000021e92eee036 sp=0x000000c8b43fd800
Event: 6.162 Thread 0x0000021e8a2c9430 DEOPT UNPACKING pc=0x0000021e9254e23f sp=0x000000c8b43fcd20 mode 0
Event: 6.162 Thread 0x0000021e8a2c9430 DEOPT PACKING pc=0x0000021e92ec686f sp=0x000000c8b43fd310
Event: 6.162 Thread 0x0000021e8a2c9430 DEOPT UNPACKING pc=0x0000021e9254e23f sp=0x000000c8b43fc878 mode 0
Event: 6.163 Thread 0x0000021e8a2c9430 DEOPT PACKING pc=0x0000021e92ec686f sp=0x000000c8b43fd310
Event: 6.163 Thread 0x0000021e8a2c9430 DEOPT UNPACKING pc=0x0000021e9254e23f sp=0x000000c8b43fc878 mode 0
Event: 6.165 Thread 0x0000021e8a2c9430 DEOPT PACKING pc=0x0000021e92eee036 sp=0x000000c8b43fd800
Event: 6.165 Thread 0x0000021e8a2c9430 DEOPT UNPACKING pc=0x0000021e9254e23f sp=0x000000c8b43fcd20 mode 0
Event: 6.167 Thread 0x0000021e8a2c9430 DEOPT PACKING pc=0x0000021e92eee036 sp=0x000000c8b43fd800
Event: 6.167 Thread 0x0000021e8a2c9430 DEOPT UNPACKING pc=0x0000021e9254e23f sp=0x000000c8b43fcd20 mode 0
Event: 6.169 Thread 0x0000021e8a2c9430 DEOPT PACKING pc=0x0000021e92eee036 sp=0x000000c8b43fd800
Event: 6.169 Thread 0x0000021e8a2c9430 DEOPT UNPACKING pc=0x0000021e9254e23f sp=0x000000c8b43fcd20 mode 0
Event: 6.171 Thread 0x0000021e8a2c9430 DEOPT PACKING pc=0x0000021e92eee036 sp=0x000000c8b43fd800
Event: 6.171 Thread 0x0000021e8a2c9430 DEOPT UNPACKING pc=0x0000021e9254e23f sp=0x000000c8b43fcd20 mode 0
Event: 6.173 Thread 0x0000021e8a2c9430 DEOPT PACKING pc=0x0000021e92eee036 sp=0x000000c8b43fd800
Event: 6.173 Thread 0x0000021e8a2c9430 DEOPT UNPACKING pc=0x0000021e9254e23f sp=0x000000c8b43fcd20 mode 0
Event: 6.333 Thread 0x0000021e8a2c9430 Uncommon trap: trap_request=0xffffff45 fr.pc=0x0000021e9a0a36a4 relative=0x0000000000000184
Event: 6.333 Thread 0x0000021e8a2c9430 Uncommon trap: reason=unstable_if action=reinterpret pc=0x0000021e9a0a36a4 method=org.codehaus.plexus.util.xml.pull.MXParser.isS(C)Z @ 21 c2
Event: 6.333 Thread 0x0000021e8a2c9430 DEOPT PACKING pc=0x0000021e9a0a36a4 sp=0x000000c8b43fd590
Event: 6.333 Thread 0x0000021e8a2c9430 DEOPT UNPACKING pc=0x0000021e9254e42f sp=0x000000c8b43fd4b0 mode 2

Classes unloaded (0 events):
No events

Classes redefined (0 events):
No events

Internal exceptions (8 events):
Event: 3.834 Thread 0x0000021e8a2c9430 Exception <a 'java/lang/NoSuchMethodError'{0x0000000088e32af8}: 'void java.lang.invoke.DirectMethodHandle$Holder.invokeSpecial(java.lang.Object, java.lang.Object, java.lang.Object)'> (0x0000000088e32af8) 
thrown [./open/src/hotspot/share/interpreter/linkResolver.cpp, line 782]
Event: 4.106 Thread 0x0000021e8a2c9430 Exception <a 'java/lang/NoSuchMethodError'{0x0000000089662ac0}: 'java.lang.Object java.lang.invoke.DirectMethodHandle$Holder.newInvokeSpecial(java.lang.Object, java.lang.Object, java.lang.Object, java.lang.Object, java.lang.Object)'> (0x0000000089662ac0) 
thrown [./open/src/hotspot/share/interpreter/linkResolver.cpp, line 782]
Event: 5.380 Thread 0x0000021e8a2c9430 Exception <a 'java/lang/NoClassDefFoundError'{0x0000000089604690}: com/google/inject/servlet/ServletModuleTargetVisitor> (0x0000000089604690) 
thrown [./open/src/hotspot/share/classfile/systemDictionary.cpp, line 284]
Event: 5.380 Thread 0x0000021e8a2c9430 Exception <a 'java/lang/NoClassDefFoundError'{0x00000000896062c8}: javax/annotation/Priority> (0x00000000896062c8) 
thrown [./open/src/hotspot/share/classfile/systemDictionary.cpp, line 284]
Event: 5.491 Thread 0x0000021e8a2c9430 Exception <a 'java/lang/NoSuchMethodError'{0x0000000089439118}: 'void java.lang.invoke.DirectMethodHandle$Holder.invokeStatic(java.lang.Object, java.lang.Object)'> (0x0000000089439118) 
thrown [./open/src/hotspot/share/interpreter/linkResolver.cpp, line 782]
Event: 5.491 Thread 0x0000021e8a2c9430 Exception <a 'java/lang/NoSuchMethodError'{0x000000008943db10}: 'void java.lang.invoke.DirectMethodHandle$Holder.invokeStaticInit(java.lang.Object, java.lang.Object)'> (0x000000008943db10) 
thrown [./open/src/hotspot/share/interpreter/linkResolver.cpp, line 782]
Event: 5.499 Thread 0x0000021e8a2c9430 Exception <a 'java/lang/NoSuchMethodError'{0x0000000089465fa8}: 'java.lang.Object java.lang.invoke.DirectMethodHandle$Holder.invokeStatic(java.lang.Object)'> (0x0000000089465fa8) 
thrown [./open/src/hotspot/share/interpreter/linkResolver.cpp, line 782]
Event: 5.501 Thread 0x0000021e8a2c9430 Exception <a 'java/lang/NoSuchMethodError'{0x0000000089471048}: 'java.lang.Object java.lang.invoke.DirectMethodHandle$Holder.invokeStaticInit(java.lang.Object, int, int, int, int)'> (0x0000000089471048) 
thrown [./open/src/hotspot/share/interpreter/linkResolver.cpp, line 782]

Events (20 events):
Event: 5.944 loading class java/nio/channels/FileLock done
Event: 5.944 loading class sun/nio/ch/FileLockImpl done
Event: 5.944 loading class sun/nio/ch/NativeThread
Event: 5.944 loading class sun/nio/ch/NativeThread done
Event: 5.944 loading class sun/nio/ch/FileLockTable
Event: 5.945 loading class sun/nio/ch/FileLockTable done
Event: 5.945 loading class sun/nio/ch/FileKey
Event: 5.945 loading class sun/nio/ch/FileKey done
Event: 5.946 loading class sun/nio/ch/FileLockTable$FileLockReference
Event: 5.946 loading class sun/nio/ch/FileLockTable$FileLockReference done
Event: 5.946 loading class java/nio/channels/spi/AbstractInterruptibleChannel$1
Event: 5.946 loading class sun/nio/ch/Interruptible
Event: 5.946 loading class sun/nio/ch/Interruptible done
Event: 5.946 loading class java/nio/channels/spi/AbstractInterruptibleChannel$1 done
Event: 5.982 loading class java/util/Formatter$FixedString
Event: 5.982 loading class java/util/Formatter$FixedString done
Event: 6.201 loading class java/util/TreeMap$Values
Event: 6.202 loading class java/util/TreeMap$Values done
Event: 6.202 loading class java/util/TreeMap$ValueIterator
Event: 6.202 loading class java/util/TreeMap$ValueIterator done


Dynamic libraries:
0x00007ff6a0860000 - 0x00007ff6a086f000 	C:\Program Files\Java\jdk-15.0.1\bin\java.exe
0x00007ffb90a60000 - 0x00007ffb90c31000 	C:\Windows\SYSTEM32\ntdll.dll
0x00007ffb909b0000 - 0x00007ffb90a5b000 	C:\Windows\System32\KERNEL32.DLL
0x00007ffb8cff0000 - 0x00007ffb8d20d000 	C:\Windows\System32\KERNELBASE.dll
0x00007ffb8d500000 - 0x00007ffb8d5f5000 	C:\Windows\System32\ucrtbase.dll
0x00007ffb87ad0000 - 0x00007ffb87ae9000 	C:\Program Files\Java\jdk-15.0.1\bin\VCRUNTIME140.dll
0x00007ffb88ab0000 - 0x00007ffb88ac8000 	C:\Program Files\Java\jdk-15.0.1\bin\jli.dll
0x00007ffb8dff0000 - 0x00007ffb8e092000 	C:\Windows\System32\ADVAPI32.dll
0x00007ffb8fda0000 - 0x00007ffb8fe3e000 	C:\Windows\System32\msvcrt.dll
0x00007ffb8ffb0000 - 0x00007ffb90009000 	C:\Windows\System32\sechost.dll
0x00007ffb8e0a0000 - 0x00007ffb8e1c1000 	C:\Windows\System32\RPCRT4.dll
0x00007ffb904b0000 - 0x00007ffb90615000 	C:\Windows\System32\USER32.dll
0x00007ffb8d430000 - 0x00007ffb8d44e000 	C:\Windows\System32\win32u.dll
0x00007ffb90970000 - 0x00007ffb909a4000 	C:\Windows\System32\GDI32.dll
0x00007ffb8d6b0000 - 0x00007ffb8d832000 	C:\Windows\System32\gdi32full.dll
0x00007ffb807f0000 - 0x00007ffb80a69000 	C:\Windows\WinSxS\amd64_microsoft.windows.common-controls_6595b64144ccf1df_6.0.14393.0_none_2d0f50fcbdb171b8\COMCTL32.dll
0x00007ffb8e270000 - 0x00007ffb8e537000 	C:\Windows\System32\combase.dll
0x00007ffb8df80000 - 0x00007ffb8dfea000 	C:\Windows\System32\bcryptPrimitives.dll
0x00007ffb89380000 - 0x00007ffb8938a000 	C:\Windows\SYSTEM32\VERSION.dll
0x00007ffb8e240000 - 0x00007ffb8e26e000 	C:\Windows\System32\IMM32.DLL
0x00007ffb8b040000 - 0x00007ffb8b04c000 	C:\Program Files\Java\jdk-15.0.1\bin\vcruntime140_1.dll
0x00007ffb7f8f0000 - 0x00007ffb7f981000 	C:\Program Files\Java\jdk-15.0.1\bin\msvcp140.dll
0x00007ffb4c190000 - 0x00007ffb4ccee000 	C:\Program Files\Java\jdk-15.0.1\bin\server\jvm.dll
0x00007ffb8e540000 - 0x00007ffb8e548000 	C:\Windows\System32\PSAPI.DLL
0x00007ffb8b070000 - 0x00007ffb8b093000 	C:\Windows\SYSTEM32\WINMM.dll
0x00007ffb7f0a0000 - 0x00007ffb7f0a9000 	C:\Windows\SYSTEM32\WSOCK32.dll
0x00007ffb8e1d0000 - 0x00007ffb8e23a000 	C:\Windows\System32\WS2_32.dll
0x0000021e88290000 - 0x0000021e882bb000 	C:\Windows\SYSTEM32\WINMMBASE.dll
0x00007ffb8d210000 - 0x00007ffb8d252000 	C:\Windows\System32\cfgmgr32.dll
0x00007ffb8cfe0000 - 0x00007ffb8cfef000 	C:\Windows\System32\kernel.appcore.dll
0x00007ffb8aaf0000 - 0x00007ffb8aafa000 	C:\Program Files\Java\jdk-15.0.1\bin\jimage.dll
0x00007ffb89eb0000 - 0x00007ffb8a042000 	C:\Windows\SYSTEM32\DBGHELP.DLL
0x00007ffb7ac60000 - 0x00007ffb7ac89000 	C:\Windows\SYSTEM32\dbgcore.DLL
0x00007ffb86730000 - 0x00007ffb86755000 	C:\Program Files\Java\jdk-15.0.1\bin\java.dll
0x00007ffb8e550000 - 0x00007ffb8fa58000 	C:\Windows\System32\SHELL32.dll
0x00007ffb8d840000 - 0x00007ffb8df1a000 	C:\Windows\System32\windows.storage.dll
0x00007ffb8cf60000 - 0x00007ffb8cfac000 	C:\Windows\System32\powrprof.dll
0x00007ffb8fa60000 - 0x00007ffb8fab2000 	C:\Windows\System32\shlwapi.dll
0x00007ffb8d600000 - 0x00007ffb8d6a9000 	C:\Windows\System32\shcore.dll
0x00007ffb8cfc0000 - 0x00007ffb8cfd4000 	C:\Windows\System32\profapi.dll
0x00007ffb86230000 - 0x00007ffb86249000 	C:\Program Files\Java\jdk-15.0.1\bin\net.dll
0x00007ffb80ab0000 - 0x00007ffb80b7c000 	C:\Windows\SYSTEM32\WINHTTP.dll
0x00007ffb8c830000 - 0x00007ffb8c88c000 	C:\Windows\system32\mswsock.dll
0x00007ffb83fd0000 - 0x00007ffb83fe2000 	C:\Program Files\Java\jdk-15.0.1\bin\nio.dll
0x00007ffb83fb0000 - 0x00007ffb83fc8000 	C:\Program Files\Java\jdk-15.0.1\bin\zip.dll
0x00007ffb8a2e0000 - 0x00007ffb8a2f0000 	C:\Program Files\Java\jdk-15.0.1\bin\verify.dll
0x00007ffb89a60000 - 0x00007ffb89a6a000 	C:\netbeans\java\maven\lib\jansi-native\windows64\jansi.dll

dbghelp: loaded successfully - version: 4.0.5 - missing functions: none
symbol engine: initialized successfully - sym options: 0x614 - pdb path: .;C:\Program Files\Java\jdk-15.0.1\bin;C:\Windows\SYSTEM32;C:\Windows\WinSxS\amd64_microsoft.windows.common-controls_6595b64144ccf1df_6.0.14393.0_none_2d0f50fcbdb171b8;C:\Program Files\Java\jdk-15.0.1\bin\server;C:\netbeans\java\maven\lib\jansi-native\windows64

VM Arguments:
jvm_args: -Dclassworlds.conf=C:\netbeans\java\maven\bin\..\bin\m2.conf -Dmaven.home=C:\netbeans\java\maven\bin\.. -Dlibrary.jansi.path=C:\netbeans\java\maven\bin\..\lib\jansi-native -Dmaven.multiModuleProjectDirectory=D:\ISIS\COURS\GENIE LOGICIEL\EXO_TP_A_RENDRE\Bandeau\Bandeau 
java_command: org.codehaus.plexus.classworlds.launcher.Launcher -Dmaven.ext.class.path=C:\netbeans\java\maven-nblib\netbeans-eventspy.jar -Dfile.encoding=UTF-8 clean install
java_class_path (initial): C:\netbeans\java\maven\bin\..\boot\plexus-classworlds-2.6.0.jar
Launcher Type: SUN_STANDARD

[Global flags]
     intx CICompilerCount                          = 3                                         {product} {ergonomic}
     uint ConcGCThreads                            = 1                                         {product} {ergonomic}
     uint G1ConcRefinementThreads                  = 4                                         {product} {ergonomic}
   size_t G1HeapRegionSize                         = 1048576                                   {product} {ergonomic}
    uintx GCDrainStackTargetSize                   = 64                                        {product} {ergonomic}
   size_t InitialHeapSize                          = 134217728                                 {product} {ergonomic}
   size_t MarkStackSize                            = 4194304                                   {product} {ergonomic}
   size_t MaxHeapSize                              = 2122317824                                {product} {ergonomic}
   size_t MaxNewSize                               = 1272971264                                {product} {ergonomic}
   size_t MinHeapDeltaBytes                        = 1048576                                   {product} {ergonomic}
   size_t MinHeapSize                              = 8388608                                   {product} {ergonomic}
    uintx NonNMethodCodeHeapSize                   = 5832780                                {pd product} {ergonomic}
    uintx NonProfiledCodeHeapSize                  = 122912730                              {pd product} {ergonomic}
    uintx ProfiledCodeHeapSize                     = 122912730                              {pd product} {ergonomic}
    uintx ReservedCodeCacheSize                    = 251658240                              {pd product} {ergonomic}
     bool SegmentedCodeCache                       = true                                      {product} {ergonomic}
   size_t SoftMaxHeapSize                          = 2122317824                             {manageable} {ergonomic}
     bool UseCompressedClassPointers               = true                                 {lp64_product} {ergonomic}
     bool UseCompressedOops                        = true                                 {lp64_product} {ergonomic}
     bool UseG1GC                                  = true                                      {product} {ergonomic}
     bool UseLargePagesIndividualAllocation        = false                                  {pd product} {ergonomic}

Logging:
Log output configuration:
 #0: stdout all=warning uptime,level,tags
 #1: stderr all=off uptime,level,tags

Environment Variables:
JAVA_HOME=C:\Program Files\Java\jdk-15.0.1
PATH=E:\Oracle18XE\dbhomeXE\bin;C:\Program Files\Common Files\Oracle\Java\javapath;C:\Windows\system32;C:\Windows;C:\Windows\System32\Wbem;C:\Windows\System32\WindowsPowerShell\v1.0\;C:\Program Files (x86)\NVIDIA Corporation\PhysX\Common;C:\Program Files\Java\jdk-15.0.1\bin;C:\Program Files\Git\cmd;C:\Program Files\apache-maven-3.6.3\bin;C:\Users\ASUS\AppData\Local\Microsoft\WindowsApps;
USERNAME=ASUS
OS=Windows_NT
PROCESSOR_IDENTIFIER=Intel64 Family 6 Model 61 Stepping 4, GenuineIntel



---------------  S Y S T E M  ---------------

OS:
 Windows 10 , 64 bit Build 14393 (10.0.14393.0)
OS uptime: 19 days 20:31 hours

CPU: total 4 (initial active 4) (2 cores per cpu, 2 threads per core) family 6 model 61 stepping 4 microcode 0x1f, cmov, cx8, fxsr, mmx, sse, sse2, sse3, ssse3, sse4.1, sse4.2, popcnt, vzeroupper, avx, avx2, aes, clmul, erms, 3dnowpref, lzcnt, ht, tsc, tscinvbit, bmi1, bmi2, adx, fma, clflush

Memory: 4k page, system-wide physical 8091M (1126M free)
TotalPageFile size 21388M (AvailPageFile size 4M)
current process WorkingSet (physical memory assigned to process): 112M, peak: 112M
current process commit charge ("private bytes"): 248M, peak: 249M

vm_info: Java HotSpot(TM) 64-Bit Server VM (15.0.1+9-18) for windows-amd64 JRE (15.0.1+9-18), built on Sep 15 2020 14:43:54 by "mach5one" with unknown MS VC++:1925

END.
